guest_query_id: 3662984111901453434
guest_bot_caller: MISSING
{
    "_": "Message",
    "id": 83,
    "sender_chat": {
        "_": "Chat",
        "id": -1003925476594,
        "type": "ChatType.SUPERGROUP",
        "is_forum": false,
        "is_direct_messages": false,
        "is_min": false,
        "is_restricted": false,
        "is_creator": false,
        "is_stories_hidden": false,
        "is_stories_unavailable": true,
        "is_call_active": false,
        "is_call_not_empty": false,
        "verification_status": {
            "_": "VerificationStatus",
            "is_verified": false,
            "is_scam": false,
            "is_fake": false
        },
        "title": "Sup",
        "photo": {
            "_": "ChatPhoto",
            "small_file_id": "AQADBQADKBJrG0oAAcBWABACAAMO62BBFv___6uQj7yc64OIAAQeBA",
            "small_photo_unique_id": "AgADKBJrG0oAAcBW",
            "big_file_id": "AQADBQADKBJrG0oAAcBWABADAAMO62BBFv___6uQj7yc64OIAAQeBA",
            "big_photo_unique_id": "AgADKBJrG0oAAcBW",
            "has_animation": false
        },
        "show_message_sender_name": false,
        "sign_messages": false,
        "dc_id": 5,
        "has_protected_content": false,
        "has_automatic_translation": false,
        "has_forum_tabs": false,
        "has_direct_messages_group": false,
        "permissions": {
            "_": "ChatPermissions",
            "can_send_messages": true,
            "can_send_audios": true,
            "can_send_documents": true,
            "can_send_photos": true,
            "can_send_videos": true,
            "can_send_video_notes": true,
            "can_send_voice_notes": true,
            "can_send_polls": true,
            "can_send_other_messages": true,
            "can_add_web_page_previews": true,
            "can_react_to_messages": true,
            "can_edit_tag": false,
            "can_change_info": false,
            "can_invite_users": true,
            "can_pin_messages": false,
            "can_manage_topics": true
        }
    },
    "date": "2026-07-20 12:06:10",
    "guest_query_id": "3662984111901453434",
    "chat": {
        "_": "Chat",
        "id": -1003925476594,
        "type": "ChatType.SUPERGROUP",
        "is_forum": false,
        "is_direct_messages": false,
        "is_min": false,
        "is_restricted": false,
        "is_creator": false,
        "is_stories_hidden": false,
        "is_stories_unavailable": true,
        "is_call_active": false,
        "is_call_not_empty": false,
        "verification_status": {
            "_": "VerificationStatus",
            "is_verified": false,
            "is_scam": false,
            "is_fake": false
        },
        "title": "Sup",
        "photo": {
            "_": "ChatPhoto",
            "small_file_id": "AQADBQADKBJrG0oAAcBWABACAAMO62BBFv___6uQj7yc64OIAAQeBA",
            "small_photo_unique_id": "AgADKBJrG0oAAcBW",
            "big_file_id": "AQADBQADKBJrG0oAAcBWABADAAMO62BBFv___6uQj7yc64OIAAQeBA",
            "big_photo_unique_id": "AgADKBJrG0oAAcBW",
            "has_animation": false
        },
        "show_message_sender_name": false,
        "sign_messages": false,
        "dc_id": 5,
        "has_protected_content": false,
        "has_automatic_translation": false,
        "has_forum_tabs": false,
        "has_direct_messages_group": false,
        "permissions": {
            "_": "ChatPermissions",
            "can_send_messages": true,
            "can_send_audios": true,
            "can_send_documents": true,
            "can_send_photos": true,
            "can_send_videos": true,
            "can_send_video_notes": true,
            "can_send_voice_notes": true,
            "can_send_polls": true,
            "can_send_other_messages": true,
            "can_add_web_page_previews": true,
            "can_react_to_messages": true,
            "can_edit_tag": false,
            "can_change_info": false,
            "can_invite_users": true,
            "can_pin_messages": false,
            "can_manage_topics": true
        }
    },
    "from_offline": false,
    "show_caption_above_media": false,
    "mentioned": false,
    "scheduled": false,
    "from_scheduled": false,
    "edit_hidden": false,
    "is_paid_post": false,
    "has_protected_content": false,
    "text": "@bitchmusicbot hey",
    "entities": [
        {
            "_": "MessageEntity",
            "type": "MessageEntityType.MENTION",
            "offset": 0,
            "length": 14
        }
    ],
    "video_processing_pending": false,
    "outgoing": false,
    "unread_media": false,
    "silent": false,
    "pinned": false,
    "channel_post": false
}
---
